This is pdfTeX, Version 3.141592653-2.6-1.40.24 (TeX Live 2022) (preloaded format=pdflatex 2022.11.9)  29 MAR 2023 13:54
entering extended mode
 restricted \write18 enabled.
 file:line:error style messages enabled.
 %&-line parsing enabled.
**"/Users/vinaykakkar/Desktop/PROJECT/Reports/Project Report/Project Report.tex"
(/Users/vinaykakkar/Desktop/PROJECT/Reports/Project Report/Project Report.tex
LaTeX2e <2022-11-01>
L3 programming layer <2022-11-02> (./final_report.cls
Document Class: final_report 
(/usr/local/texlive/2022basic/texmf-dist/tex/latex/base/report.cls
Document Class: report 2022/07/02 v1.4n Standard LaTeX document class
(/usr/local/texlive/2022basic/texmf-dist/tex/latex/base/size11.clo
File: size11.clo 2022/07/02 v1.4n Standard LaTeX file (size option)
)
\c@part=\count185
\c@chapter=\count186
\c@section=\count187
\c@subsection=\count188
\c@subsubsection=\count189
\c@paragraph=\count190
\c@subparagraph=\count191
\c@figure=\count192
\c@table=\count193
\abovecaptionskip=\skip47
\belowcaptionskip=\skip48
\bibindent=\dimen140
) (/usr/local/texlive/2022basic/texmf-dist/tex/latex/geometry/geometry.sty
Package: geometry 2020/01/02 v5.9 Page Geometry
 (/usr/local/texlive/2022basic/texmf-dist/tex/latex/graphics/keyval.sty
Package: keyval 2022/05/29 v1.15 key=value parser (DPC)
\KV@toks@=\toks16
) (/usr/local/texlive/2022basic/texmf-dist/tex/generic/iftex/ifvtex.sty
Package: ifvtex 2019/10/25 v1.7 ifvtex legacy package. Use iftex instead.
 (/usr/local/texlive/2022basic/texmf-dist/tex/generic/iftex/iftex.sty
Package: iftex 2022/02/03 v1.0f TeX engine tests
))
\Gm@cnth=\count194
\Gm@cntv=\count195
\c@Gm@tempcnt=\count196
\Gm@bindingoffset=\dimen141
\Gm@wd@mp=\dimen142
\Gm@odd@mp=\dimen143
\Gm@even@mp=\dimen144
\Gm@layoutwidth=\dimen145
\Gm@layoutheight=\dimen146
\Gm@layouthoffset=\dimen147
\Gm@layoutvoffset=\dimen148
\Gm@dimlist=\toks17
) (/usr/local/texlive/2022basic/texmf-dist/tex/latex/fancyhdr/fancyhdr.sty
Package: fancyhdr 2022/05/18 v4.0.3 Extensive control of page headers and footers
\f@nch@headwidth=\skip49
\f@nch@O@elh=\skip50
\f@nch@O@erh=\skip51
\f@nch@O@olh=\skip52
\f@nch@O@orh=\skip53
\f@nch@O@elf=\skip54
\f@nch@O@erf=\skip55
\f@nch@O@olf=\skip56
\f@nch@O@orf=\skip57
) (./tocloft.sty
Package: tocloft 2017/08/31 v2.3i parameterised ToC, etc., typesetting
Package tocloft Info: The document has chapter divisions on input line 51.
\cftparskip=\skip58
\cftbeforetoctitleskip=\skip59
\cftaftertoctitleskip=\skip60
\cftbeforepartskip=\skip61
\cftpartnumwidth=\skip62
\cftpartindent=\skip63
\cftbeforechapskip=\skip64
\cftchapindent=\skip65
\cftchapnumwidth=\skip66
\cftbeforesecskip=\skip67
\cftsecindent=\skip68
\cftsecnumwidth=\skip69
\cftbeforesubsecskip=\skip70
\cftsubsecindent=\skip71
\cftsubsecnumwidth=\skip72
\cftbeforesubsubsecskip=\skip73
\cftsubsubsecindent=\skip74
\cftsubsubsecnumwidth=\skip75
\cftbeforeparaskip=\skip76
\cftparaindent=\skip77
\cftparanumwidth=\skip78
\cftbeforesubparaskip=\skip79
\cftsubparaindent=\skip80
\cftsubparanumwidth=\skip81
\cftbeforeloftitleskip=\skip82
\cftafterloftitleskip=\skip83
\cftbeforefigskip=\skip84
\cftfigindent=\skip85
\cftfignumwidth=\skip86
\c@lofdepth=\count197
\c@lotdepth=\count198
\cftbeforelottitleskip=\skip87
\cftafterlottitleskip=\skip88
\cftbeforetabskip=\skip89
\cfttabindent=\skip90
\cfttabnumwidth=\skip91
)) (/usr/local/texlive/2022basic/texmf-dist/tex/latex/graphics/graphicx.sty
Package: graphicx 2021/09/16 v1.2d Enhanced LaTeX Graphics (DPC,SPQR)
 (/usr/local/texlive/2022basic/texmf-dist/tex/latex/graphics/graphics.sty
Package: graphics 2022/03/10 v1.4e Standard LaTeX Graphics (DPC,SPQR)
 (/usr/local/texlive/2022basic/texmf-dist/tex/latex/graphics/trig.sty
Package: trig 2021/08/11 v1.11 sin cos tan (DPC)
) (/usr/local/texlive/2022basic/texmf-dist/tex/latex/graphics-cfg/graphics.cfg
File: graphics.cfg 2016/06/04 v1.11 sample graphics configuration
)
Package graphics Info: Driver file: pdftex.def on input line 107.
 (/usr/local/texlive/2022basic/texmf-dist/tex/latex/graphics-def/pdftex.def
File: pdftex.def 2022/09/22 v1.2b Graphics/color driver for pdftex
))
\Gin@req@height=\dimen149
\Gin@req@width=\dimen150
) (/usr/local/texlive/2022basic/texmf-dist/tex/latex/hyperref/hyperref.sty
Package: hyperref 2022-09-22 v7.00t Hypertext links for LaTeX
 (/usr/local/texlive/2022basic/texmf-dist/tex/generic/ltxcmds/ltxcmds.sty
Package: ltxcmds 2020-05-10 v1.25 LaTeX kernel commands for general use (HO)
) (/usr/local/texlive/2022basic/texmf-dist/tex/generic/pdftexcmds/pdftexcmds.sty
Package: pdftexcmds 2020-06-27 v0.33 Utility functions of pdfTeX for LuaTeX (HO)
 (/usr/local/texlive/2022basic/texmf-dist/tex/generic/infwarerr/infwarerr.sty
Package: infwarerr 2019/12/03 v1.5 Providing info/warning/error messages (HO)
)
Package pdftexcmds Info: \pdf@primitive is available.
Package pdftexcmds Info: \pdf@ifprimitive is available.
Package pdftexcmds Info: \pdfdraftmode found.
) (/usr/local/texlive/2022basic/texmf-dist/tex/latex/kvsetkeys/kvsetkeys.sty
Package: kvsetkeys 2022-10-05 v1.19 Key value parser (HO)
) (/usr/local/texlive/2022basic/texmf-dist/tex/generic/kvdefinekeys/kvdefinekeys.sty
Package: kvdefinekeys 2019-12-19 v1.6 Define keys (HO)
) (/usr/local/texlive/2022basic/texmf-dist/tex/generic/pdfescape/pdfescape.sty
Package: pdfescape 2019/12/09 v1.15 Implements pdfTeX's escape features (HO)
) (/usr/local/texlive/2022basic/texmf-dist/tex/latex/hycolor/hycolor.sty
Package: hycolor 2020-01-27 v1.10 Color options for hyperref/bookmark (HO)
) (/usr/local/texlive/2022basic/texmf-dist/tex/latex/letltxmacro/letltxmacro.sty
Package: letltxmacro 2019/12/03 v1.6 Let assignment for LaTeX macros (HO)
) (/usr/local/texlive/2022basic/texmf-dist/tex/latex/auxhook/auxhook.sty
Package: auxhook 2019-12-17 v1.6 Hooks for auxiliary files (HO)
) (/usr/local/texlive/2022basic/texmf-dist/tex/latex/hyperref/nameref.sty
Package: nameref 2022-05-17 v2.50 Cross-referencing by name of section
 (/usr/local/texlive/2022basic/texmf-dist/tex/latex/refcount/refcount.sty
Package: refcount 2019/12/15 v3.6 Data extraction from label references (HO)
) (/usr/local/texlive/2022basic/texmf-dist/tex/generic/gettitlestring/gettitlestring.sty
Package: gettitlestring 2019/12/15 v1.6 Cleanup title references (HO)
 (/usr/local/texlive/2022basic/texmf-dist/tex/latex/kvoptions/kvoptions.sty
Package: kvoptions 2022-06-15 v3.15 Key value format for package options (HO)
))
\c@section@level=\count199
)
\@linkdim=\dimen151
\Hy@linkcounter=\count266
\Hy@pagecounter=\count267
 (/usr/local/texlive/2022basic/texmf-dist/tex/latex/hyperref/pd1enc.def
File: pd1enc.def 2022-09-22 v7.00t Hyperref: PDFDocEncoding definition (HO)
Now handling font encoding PD1 ...
... no UTF-8 mapping file for font encoding PD1
) (/usr/local/texlive/2022basic/texmf-dist/tex/generic/intcalc/intcalc.sty
Package: intcalc 2019/12/15 v1.3 Expandable calculations with integers (HO)
) (/usr/local/texlive/2022basic/texmf-dist/tex/generic/etexcmds/etexcmds.sty
Package: etexcmds 2019/12/15 v1.7 Avoid name clashes with e-TeX commands (HO)
)
\Hy@SavedSpaceFactor=\count268
 (/usr/local/texlive/2022basic/texmf-dist/tex/latex/hyperref/puenc.def
File: puenc.def 2022-09-22 v7.00t Hyperref: PDF Unicode definition (HO)
Now handling font encoding PU ...
... no UTF-8 mapping file for font encoding PU
)
Package hyperref Info: Hyper figures OFF on input line 4162.
Package hyperref Info: Link nesting OFF on input line 4167.
Package hyperref Info: Hyper index ON on input line 4170.
Package hyperref Info: Plain pages OFF on input line 4177.
Package hyperref Info: Backreferencing OFF on input line 4182.
Package hyperref Info: Implicit mode ON; LaTeX internals redefined.
Package hyperref Info: Bookmarks ON on input line 4410.
\c@Hy@tempcnt=\count269
 (/usr/local/texlive/2022basic/texmf-dist/tex/latex/url/url.sty
\Urlmuskip=\muskip16
Package: url 2013/09/16  ver 3.4  Verb mode for urls, etc.
)
LaTeX Info: Redefining \url on input line 4748.
\XeTeXLinkMargin=\dimen152
 (/usr/local/texlive/2022basic/texmf-dist/tex/generic/bitset/bitset.sty
Package: bitset 2019/12/09 v1.3 Handle bit-vector datatype (HO)
 (/usr/local/texlive/2022basic/texmf-dist/tex/generic/bigintcalc/bigintcalc.sty
Package: bigintcalc 2019/12/15 v1.5 Expandable calculations on big integers (HO)
))
\Fld@menulength=\count270
\Field@Width=\dimen153
\Fld@charsize=\dimen154
Package hyperref Info: Hyper figures OFF on input line 6027.
Package hyperref Info: Link nesting OFF on input line 6032.
Package hyperref Info: Hyper index ON on input line 6035.
Package hyperref Info: backreferencing OFF on input line 6042.
Package hyperref Info: Link coloring OFF on input line 6047.
Package hyperref Info: Link coloring with OCG OFF on input line 6052.
Package hyperref Info: PDF/A mode OFF on input line 6057.
 (/usr/local/texlive/2022basic/texmf-dist/tex/latex/base/atbegshi-ltx.sty
Package: atbegshi-ltx 2021/01/10 v1.0c Emulation of the original atbegshi
package with kernel methods
)
\Hy@abspage=\count271
\c@Item=\count272
\c@Hfootnote=\count273
)
Package hyperref Info: Driver (autodetected): hpdftex.
 (/usr/local/texlive/2022basic/texmf-dist/tex/latex/hyperref/hpdftex.def
File: hpdftex.def 2022-09-22 v7.00t Hyperref driver for pdfTeX
 (/usr/local/texlive/2022basic/texmf-dist/tex/latex/base/atveryend-ltx.sty
Package: atveryend-ltx 2020/08/19 v1.0a Emulation of the original atveryend package
with kernel methods
)
\Fld@listcount=\count274
\c@bookmark@seq@number=\count275
 (/usr/local/texlive/2022basic/texmf-dist/tex/latex/rerunfilecheck/rerunfilecheck.sty
Package: rerunfilecheck 2022-07-10 v1.10 Rerun checks for auxiliary files (HO)
 (/usr/local/texlive/2022basic/texmf-dist/tex/generic/uniquecounter/uniquecounter.sty
Package: uniquecounter 2019/12/15 v1.4 Provide unlimited unique counter (HO)
)
Package uniquecounter Info: New unique counter `rerunfilecheck' on input line 285.
)
\Hy@SectionHShift=\skip92
) (./sectsty.sty
Package: sectsty 2002/02/25 v2.0.2 Commands to change all sectional heading styles


LaTeX Warning: Command \underbar  has changed.
               Check if current package is valid.


LaTeX Warning: Command \underline  has changed.
               Check if current package is valid.

) (/usr/local/texlive/2022basic/texmf-dist/tex/latex/caption/subcaption.sty
Package: subcaption 2022/01/07 v1.5 Sub-captions (AR)
 (/usr/local/texlive/2022basic/texmf-dist/tex/latex/caption/caption.sty
Package: caption 2022/03/01 v3.6b Customizing captions (AR)
 (/usr/local/texlive/2022basic/texmf-dist/tex/latex/caption/caption3.sty
Package: caption3 2022/03/17 v2.3b caption3 kernel (AR)
\caption@tempdima=\dimen155
\captionmargin=\dimen156
\caption@leftmargin=\dimen157
\caption@rightmargin=\dimen158
\caption@width=\dimen159
\caption@indent=\dimen160
\caption@parindent=\dimen161
\caption@hangindent=\dimen162
Package caption Info: Standard document class detected.
)
\c@caption@flags=\count276
\c@continuedfloat=\count277
Package caption Info: hyperref package is loaded.
)
\c@subfigure=\count278
\c@subtable=\count279
) (/usr/local/texlive/2022basic/texmf-dist/tex/latex/listings/listings.sty
\lst@mode=\count280
\lst@gtempboxa=\box51
\lst@token=\toks18
\lst@length=\count281
\lst@currlwidth=\dimen163
\lst@column=\count282
\lst@pos=\count283
\lst@lostspace=\dimen164
\lst@width=\dimen165
\lst@newlines=\count284
\lst@lineno=\count285
\lst@maxwidth=\dimen166
 (/usr/local/texlive/2022basic/texmf-dist/tex/latex/listings/lstmisc.sty
File: lstmisc.sty 2020/03/24 1.8d (Carsten Heinz)
\c@lstnumber=\count286
\lst@skipnumbers=\count287
\lst@framebox=\box52
) (/usr/local/texlive/2022basic/texmf-dist/tex/latex/listings/listings.cfg
File: listings.cfg 2020/03/24 1.8d listings configuration
))
Package: listings 2020/03/24 1.8d (Carsten Heinz)
 (./csquotes.sty
Package: csquotes 2022-09-14 v5.2n context-sensitive quotations (JAW)
 (/usr/local/texlive/2022basic/texmf-dist/tex/latex/etoolbox/etoolbox.sty
Package: etoolbox 2020/10/05 v2.5k e-TeX tools for LaTeX (JAW)
\etb@tempcnta=\count288
)
\csq@reset=\count289
\csq@gtype=\count290
\csq@glevel=\count291
\csq@qlevel=\count292
\csq@maxlvl=\count293
\csq@tshold=\count294
\csq@ltx@everypar=\toks19
 (./csquotes.def
File: csquotes.def 2022-09-14 v5.2n csquotes generic definitions (JAW)
)
Package csquotes Info: Trying to load configuration file 'csquotes.cfg'...
Package csquotes Info: ... configuration file not used.
)
Package csquotes Info: Checking for multilingual support...
Package csquotes Info: ... none found.
 (/usr/local/texlive/2022basic/texmf-dist/tex/latex/l3backend/l3backend-pdftex.def
File: l3backend-pdftex.def 2022-10-26 L3 backend support: PDF output (pdfTeX)
\l__color_backend_stack_int=\count295
\l__pdf_internal_box=\box53
) (./Project Report.aux

LaTeX Warning: Label `tab:Amino acids' multiply defined.


LaTeX Warning: Label `tab:Amino acids' multiply defined.


LaTeX Warning: Label `tab:Amino acids' multiply defined.


LaTeX Warning: Label `Results1' multiply defined.

)
\openout1 = `"Project Report.aux"'.

LaTeX Font Info:    Checking defaults for OML/cmm/m/it on input line 20.
LaTeX Font Info:    ... okay on input line 20.
LaTeX Font Info:    Checking defaults for OMS/cmsy/m/n on input line 20.
LaTeX Font Info:    ... okay on input line 20.
LaTeX Font Info:    Checking defaults for OT1/cmr/m/n on input line 20.
LaTeX Font Info:    ... okay on input line 20.
LaTeX Font Info:    Checking defaults for T1/cmr/m/n on input line 20.
LaTeX Font Info:    ... okay on input line 20.
LaTeX Font Info:    Checking defaults for TS1/cmr/m/n on input line 20.
LaTeX Font Info:    ... okay on input line 20.
LaTeX Font Info:    Checking defaults for OMX/cmex/m/n on input line 20.
LaTeX Font Info:    ... okay on input line 20.
LaTeX Font Info:    Checking defaults for U/cmr/m/n on input line 20.
LaTeX Font Info:    ... okay on input line 20.
LaTeX Font Info:    Checking defaults for PD1/pdf/m/n on input line 20.
LaTeX Font Info:    ... okay on input line 20.
LaTeX Font Info:    Checking defaults for PU/pdf/m/n on input line 20.
LaTeX Font Info:    ... okay on input line 20.

*geometry* detected driver: pdftex
*geometry* verbose mode - [ preamble ] result:
* driver: pdftex
* paper: custom
* layout: <same size as paper>
* layoutoffset:(h,v)=(0.0pt,0.0pt)
* modes: includehead 
* h-part:(L,W,R)=(85.35826pt, 441.01773pt, 71.13188pt)
* v-part:(T,H,B)=(0.0pt, 788.14125pt, 56.9055pt)
* \paperwidth=597.50787pt
* \paperheight=845.04675pt
* \textwidth=441.01773pt
* \textheight=720.46213pt
* \oddsidemargin=13.08827pt
* \evensidemargin=13.08827pt
* \topmargin=-72.26999pt
* \headheight=42.67912pt
* \headsep=25.0pt
* \topskip=11.0pt
* \footskip=30.0pt
* \marginparwidth=59.0pt
* \marginparsep=10.0pt
* \columnsep=10.0pt
* \skip\footins=10.0pt plus 4.0pt minus 2.0pt
* \hoffset=0.0pt
* \voffset=0.0pt
* \mag=1000
* \@twocolumnfalse
* \@twosidefalse
* \@mparswitchfalse
* \@reversemarginfalse
* (1in=72.27pt=25.4mm, 1cm=28.453pt)

(/usr/local/texlive/2022basic/texmf-dist/tex/context/base/mkii/supp-pdf.mkii
[Loading MPS to PDF converter (version 2006.09.02).]
\scratchcounter=\count296
\scratchdimen=\dimen167
\scratchbox=\box54
\nofMPsegments=\count297
\nofMParguments=\count298
\everyMPshowfont=\toks20
\MPscratchCnt=\count299
\MPscratchDim=\dimen168
\MPnumerator=\count300
\makeMPintoPDFobject=\count301
\everyMPtoPDFconversion=\toks21
) (/usr/local/texlive/2022basic/texmf-dist/tex/latex/epstopdf-pkg/epstopdf-base.sty
Package: epstopdf-base 2020-01-24 v2.11 Base part for package epstopdf
Package epstopdf-base Info: Redefining graphics rule for `.eps' on input line 485.
 (/usr/local/texlive/2022basic/texmf-dist/tex/latex/latexconfig/epstopdf-sys.cfg
File: epstopdf-sys.cfg 2010/07/13 v1.3 Configuration of (r)epstopdf for TeX Live
))
Package hyperref Info: Link coloring OFF on input line 20.
 (./Project Report.out) (./Project Report.out)
\@outlinefile=\write3
\openout3 = `"Project Report.out"'.

Package caption Info: Begin \AtBeginDocument code.
Package caption Info: listings package is loaded.
Package caption Info: End \AtBeginDocument code.
\c@lstlisting=\count302
<logo.pdf, id=32, 948.54375pt x 473.77pt>
File: logo.pdf Graphic file (type pdf)
<use logo.pdf>
Package pdftex.def Info: logo.pdf  used on input line 23.
(pdftex.def)             Requested size: 284.82584pt x 142.26378pt.
 [0{/usr/local/texlive/2022basic/texmf-var/fonts/map/pdftex/updmap/pdftex.map}

 <./logo.pdf>]
\c@definition=\count303
 [1

] [2

] [3


] [4

] [5

] [6

] [7

]
Overfull \hbox (3.7838pt too wide) in paragraph at lines 153--154
[]\OT1/cmr/m/it/10.95 A dy-namic net-work of in-ter-link-ing pro-tein fil-a-ments present
 []

[8


]
<Protein Structure.png, id=134, 452.69125pt x 366.36874pt>
File: Protein Structure.png Graphic file (type png)
<use Protein Structure.png>
Package pdftex.def Info: Protein Structure.png  used on input line 178.
(pdftex.def)             Requested size: 220.50887pt x 178.46008pt.
 [9

 <./Protein Structure.png>]
LaTeX Font Info:    Calculating math sizes for size <11> on input line 190.


LaTeX Font Warning: Font shape `OT1/cmr/m/n' in size <5.5> not available
(Font)              size <5> substituted on input line 190.


LaTeX Font Warning: Font shape `OML/cmm/m/it' in size <5.5> not available
(Font)              size <5> substituted on input line 190.


LaTeX Font Warning: Font shape `OMS/cmsy/m/n' in size <5.5> not available
(Font)              size <5> substituted on input line 190.

LaTeX Font Info:    External font `cmex10' loaded for size
(Font)              <11> on input line 190.
LaTeX Font Info:    External font `cmex10' loaded for size
(Font)              <7.69997> on input line 190.
LaTeX Font Info:    External font `cmex10' loaded for size
(Font)              <5.5> on input line 190.
[10

] [11

]
<Gene Expresion.png, id=189, 341.275pt x 300.62312pt>
File: Gene Expresion.png Graphic file (type png)
<use Gene Expresion.png>
Package pdftex.def Info: Gene Expresion.png  used on input line 264.
(pdftex.def)             Requested size: 220.50887pt x 194.24675pt.
 [12

 <./Gene Expresion.png>]
<SAGE1.png, id=202, 349.305pt x 377.41pt>
File: SAGE1.png Graphic file (type png)
<use SAGE1.png>
Package pdftex.def Info: SAGE1.png  used on input line 278.
(pdftex.def)             Requested size: 178.60974pt x 192.98332pt.


Package caption Warning: Cannot determine current font size.
(caption)                Try setting it with `size=' explicitly on input line 279.
See the caption package documentation for explanation.


Package caption Warning: Cannot determine current font size.
(caption)                Try setting it with `size=' explicitly on input line 279.
See the caption package documentation for explanation.

<SAGE2.png, id=203, 349.305pt x 327.2225pt>
File: SAGE2.png Graphic file (type png)
<use SAGE2.png>
Package pdftex.def Info: SAGE2.png  used on input line 284.
(pdftex.def)             Requested size: 178.60974pt x 167.32065pt.

Package caption Warning: Cannot determine current font size.
(caption)                Try setting it with `size=' explicitly on input line 285.
See the caption package documentation for explanation.


Package caption Warning: Cannot determine current font size.
(caption)                Try setting it with `size=' explicitly on input line 285.
See the caption package documentation for explanation.

[13

 <./SAGE1.png> <./SAGE2.png>]
<Overlaping.png, id=217, 496.85625pt x 444.66125pt>
File: Overlaping.png Graphic file (type png)
<use Overlaping.png>
Package pdftex.def Info: Overlaping.png  used on input line 305.
(pdftex.def)             Requested size: 220.50887pt x 197.3478pt.
 [14

 <./Overlaping.png>] [15

] [16

]
Overfull \hbox (18.97404pt too wide) in paragraph at lines 390--391
\OT1/cmr/m/n/10.95 ti-ple se-quence align-ment pro-cess-ing in DMP-Fold218 and lan-guage model representations.[[]]. 
 []

[17

]
Overfull \hbox (2.16403pt too wide) in paragraph at lines 403--404
[]\OT1/cmr/m/it/10.95 Macromolecular is any very large molecule, usu-ally with
 []


Underfull \hbox (badness 2318) in paragraph at lines 434--435
[]\OT1/cmr/m/n/10.95 I3. (meta)data in-clude qual-i-fied ref-er-ences to other
 []


Overfull \hbox (11.09396pt too wide) in paragraph at lines 419--442
 [] 
 []


LaTeX Warning: `!h' float specifier changed to `!ht'.

[18

] [19] [20

]
<PDB Site.png, id=332, 595.22375pt x 747.29187pt>
File: PDB Site.png Graphic file (type png)
<use PDB Site.png>
Package pdftex.def Info: PDB Site.png  used on input line 482.
(pdftex.def)             Requested size: 220.50887pt x 276.83574pt.
<Top Bar Search A.png, id=335, 893.3375pt x 569.12625pt>
File: Top Bar Search A.png Graphic file (type png)
<use Top Bar Search A.png>
Package pdftex.def Info: Top Bar Search A.png  used on input line 490.
(pdftex.def)             Requested size: 178.60974pt x 113.7885pt.
<Top Bar Search B.png, id=336, 883.3pt x 595.72563pt>
File: Top Bar Search B.png Graphic file (type png)
<use Top Bar Search B.png>
Package pdftex.def Info: Top Bar Search B.png  used on input line 495.
(pdftex.def)             Requested size: 178.60974pt x 120.45198pt.
 [21

] [22 <./PDB Site.png> <./Top Bar Search A.png> <./Top Bar Search B.png>]
Overfull \hbox (16.67786pt too wide) in paragraph at lines 504--505
\OT1/cmr/m/n/10.95 In 2020, RCSB PDB had an up-grade of its de-liv-ery ar-chi-tec-ture [[]]at RCSB.org [[]]. 
 []


LaTeX Warning: `!h' float specifier changed to `!ht'.

[23

] [24] [25

] [26

]
<PDB File.png, id=399, 987.18813pt x 440.64626pt>
File: PDB File.png Graphic file (type png)
<use PDB File.png>
Package pdftex.def Info: PDB File.png  used on input line 642.
(pdftex.def)             Requested size: 220.50887pt x 98.4284pt.
 [27

 <./PDB File.png>]
Overfull \hbox (21.31625pt too wide) in paragraph at lines 649--650
\OT1/cmr/m/n/10.95 Mmcif is a dictionary-based ap-proach to data ex-tracted from crys-tal-lo-graphic ex-per-i-ments [[]]. 
 []

<xml.png, id=415, 670.00313pt x 645.91313pt>
File: xml.png Graphic file (type png)
<use xml.png>
Package pdftex.def Info: xml.png  used on input line 663.
(pdftex.def)             Requested size: 220.50887pt x 212.58035pt.
[28

 <./xml.png>] [29

] [30

] [31

] [32

] [33

]
<Execute.png, id=495, 704.6325pt x 471.7625pt>
File: Execute.png Graphic file (type png)
<use Execute.png>
Package pdftex.def Info: Execute.png  used on input line 787.
(pdftex.def)             Requested size: 220.50887pt x 147.63417pt.
 [34

 <./Execute.png>]
Overfull \hbox (1.95448pt too wide) in paragraph at lines 801--836
 [] 
 []

[35

] [36

] [37

] [38

] (/usr/local/texlive/2022basic/texmf-dist/tex/latex/listings/lstlang1.sty
File: lstlang1.sty 2020/03/24 1.8d listings language file
) (/usr/local/texlive/2022basic/texmf-dist/tex/latex/listings/lstlang1.sty
File: lstlang1.sty 2020/03/24 1.8d listings language file
)
LaTeX Font Info:    Trying to load font information for OML+cmr on input line 946.
 (/usr/local/texlive/2022basic/texmf-dist/tex/latex/base/omlcmr.fd
File: omlcmr.fd 2022/07/10 v2.5l Standard LaTeX font definitions
)
LaTeX Font Info:    Font shape `OML/cmr/m/n' in size <11> not available
(Font)              Font shape `OML/cmm/m/it' tried instead on input line 946.
LaTeX Font Info:    Trying to load font information for OMS+cmr on input line 952.
 (/usr/local/texlive/2022basic/texmf-dist/tex/latex/base/omscmr.fd
File: omscmr.fd 2022/07/10 v2.5l Standard LaTeX font definitions
)
LaTeX Font Info:    Font shape `OMS/cmr/m/n' in size <11> not available
(Font)              Font shape `OMS/cmsy/m/n' tried instead on input line 952.
 [39

] [40

] [41

]
Overfull \hbox (1.95448pt too wide) in paragraph at lines 1028--1046
 [] 
 []

[42

] [43

] [44

] [45

] [46

] [47

] [48

]
Underfull \hbox (badness 10000) in paragraph at lines 1310--1310
[]\OT1/cmr/m/n/10.95 Biological As-sem-bly File in
 []


Underfull \hbox (badness 10000) in paragraph at lines 1312--1312
[]\OT1/cmr/m/n/10.95 Biological As-sem-bly File in
 []

[49

]
Overfull \hbox (18.88705pt too wide) in paragraph at lines 1338--1340
[][][][][][][][][][][][][][][][][][][][][][][][][] 
 []

[50]
Overfull \hbox (12.31699pt too wide) in paragraph at lines 1362--1363
[][][][][][][][][][][][][][][][][][][][][][][][] 
 []


Underfull \hbox (badness 1997) in paragraph at lines 1384--1386
\OT1/cmr/m/n/10.95 search re-quest in-clud-ing pag-
 []


Underfull \hbox (badness 2941) in paragraph at lines 1384--1386
\OT1/cmr/m/n/10.95 i-na-tion, sort-ing, scor-ing and
 []


Underfull \hbox (badness 1371) in paragraph at lines 1388--1389
\OT1/cmr/m/n/10.95 for log-ging pur-poses. When
 []


Overfull \hbox (1.95448pt too wide) in paragraph at lines 1372--1390
 [] 
 []

[51

] [52

] [53]
Overfull \hbox (45.16733pt too wide) in paragraph at lines 1510--1512
[][][][][][][][][][][][][][][][][][][][][][][] 
 []

[54]
<SearchAPIEditor.png, id=888, 1458.44875pt x 383.4325pt>
File: SearchAPIEditor.png Graphic file (type png)
<use SearchAPIEditor.png>
Package pdftex.def Info: SearchAPIEditor.png  used on input line 1538.
(pdftex.def)             Requested size: 441.01773pt x 115.94334pt.
<payload.png, id=889, 916.42375pt x 619.31375pt>
File: payload.png Graphic file (type png)
<use payload.png>
Package pdftex.def Info: payload.png  used on input line 1548.
(pdftex.def)             Requested size: 220.50887pt x 149.01633pt.
 [55

 <./SearchAPIEditor.png> <./payload.png>]
Overfull \hbox (5.74692pt too wide) in paragraph at lines 1586--1587
[][][][][][][][][][][][][] 
 []

[56]
Overfull \hbox (38.59726pt too wide) in paragraph at lines 1648--1649
[][][][][][][][][][][][][][][][][][][][][][][][][] 
 []


Overfull \hbox (5.74692pt too wide) in paragraph at lines 1657--1659
[][][][][][][][][][][][][][][][][][][][][] 
 []

[57

]
Overfull \hbox (32.02719pt too wide) in paragraph at lines 1675--1677
[][][][][][][][][][][][][][][][][][][][][] 
 []

[58] [59]
Overfull \hbox (5.74692pt too wide) in paragraph at lines 1749--1750
[][][][][][][][][][][][][][][][] 
 []


Overfull \hbox (5.74692pt too wide) in paragraph at lines 1750--1752
[][][][][][][][][][][][][][][][] 
 []


Overfull \hbox (12.31699pt too wide) in paragraph at lines 1759--1761
[][][][][][][][][][][][][][][][][][][][][][][][][][][][][][] 
 []


Overfull \hbox (5.74692pt too wide) in paragraph at lines 1761--1763
[][][][][][][][][][][][][][][][][][][][][][] 
 []

[60

] [61

]
Overfull \hbox (25.45712pt too wide) in paragraph at lines 1802--1803
[][][][][][][][][][][][][][][][][][][][][][][][][][][] 
 []

[62

] [63

] [64] [65

] [66

] [67

] [68

] (./Project Report.bbl [69] [70

]
Underfull \hbox (badness 1303) in paragraph at lines 64--77
\OT1/cmr/m/n/10.95 Joan Se-gura, Mon-ica Sekha-ran, Chenghua Shao, Brinda Val-lat, Maria
 []


Underfull \hbox (badness 1354) in paragraph at lines 64--77
\OT1/cmr/m/n/10.95 Chris-tine Zardecki.  RCSB Pro-tein Data Bank: Cel-e-brat-ing 50 years
 []

[71] [72]
Underfull \hbox (badness 1112) in paragraph at lines 291--297
[]\OT1/cmr/m/n/10.95 Xiangrui Meng, Joseph Bradley, Bu-rak Yavuz, Evan Sparks, Shiv-aram
 []

[73] [74]
Underfull \hbox (badness 1173) in paragraph at lines 427--433
[]\OT1/cmr/m/n/10.95 John D. West-brook and Paula M. D. Fitzger-ald.  The PDB For-mat,
 []

[75]) [76] (./Project Report.aux)

LaTeX Font Warning: Size substitutions with differences
(Font)              up to 0.5pt have occurred.


LaTeX Warning: There were multiply-defined labels.

Package rerunfilecheck Info: File `"Project Report".out' has not changed.
(rerunfilecheck)             Checksum: 8599ED58C0F1925A33765243E7491432;1216.
 ) 
Here is how much of TeX's memory you used:
 14588 strings out of 476422
 230836 string characters out of 5810350
 799416 words of memory out of 5000000
 34979 multiletter control sequences out of 15000+600000
 476721 words of font info for 52 fonts, out of 8000000 for 9000
 319 hyphenation exceptions out of 8191
 72i,13n,77p,1498b,1902s stack positions out of 10000i,1000n,20000p,200000b,200000s
 </Users/vinaykakkar/Library/texlive/2022basic/texmf-var/fonts/pk/ljfour/jknappen/ec/tcrm1095.600pk></usr/local/texlive/2022basic/texmf-dist/fonts/type1/public/amsfonts/cm/cmbx10.pfb></usr/local/texlive/2022basic/texmf-dist/fonts/type1/public/amsfonts/cm/cmbx12.pfb></usr/local/texlive/2022basic/texmf-dist/fonts/type1/public/amsfonts/cm/cmbxti10.pfb></usr/local/texlive/2022basic/texmf-dist/fonts/type1/public/amsfonts/cm/cmmi10.pfb></usr/local/texlive/2022basic/texmf-dist/fonts/type1/public/amsfonts/cm/cmr10.pfb></usr/local/texlive/2022basic/texmf-dist/fonts/type1/public/amsfonts/cm/cmr8.pfb></usr/local/texlive/2022basic/texmf-dist/fonts/type1/public/amsfonts/cm/cmr9.pfb></usr/local/texlive/2022basic/texmf-dist/fonts/type1/public/amsfonts/cm/cmss10.pfb></usr/local/texlive/2022basic/texmf-dist/fonts/type1/public/amsfonts/cm/cmss12.pfb></usr/local/texlive/2022basic/texmf-dist/fonts/type1/public/amsfonts/cm/cmss17.pfb></usr/local/texlive/2022basic/texmf-dist/fonts/type1/public/amsfonts/cm/cmssbx10.pfb></usr/local/texlive/2022basic/texmf-dist/fonts/type1/public/amsfonts/cm/cmsy10.pfb></usr/local/texlive/2022basic/texmf-dist/fonts/type1/public/amsfonts/cm/cmti10.pfb>
Output written on "Project Report.pdf" (77 pages, 4391569 bytes).
PDF statistics:
 1439 PDF objects out of 1440 (max. 8388607)
 1275 compressed objects within 13 object streams
 747 named destinations out of 1000 (max. 500000)
 127 words of extra memory for PDF output out of 10000 (max. 10000000)

